  Moc'ing qtcontrol.h...
  Uic'ing qtcontrol.ui...
  Moc'ing QSwitchButton.h...
  Moc'ing FanGraphWidget.h...
  Moc'ing CustomFanWidget.h...
  Rcc'ing qtcontrol.qrc...
RCC : warning : No resources in 'D:\Github\QtCustomPaint\QtControl\QtControl\qtcontrol.qrc'.
  
  CustomFanWidget.cpp
  FanBall.cpp
  FanGraphWidget.cpp
  moc_CustomFanWidget.cpp
  moc_FanGraphWidget.cpp
  moc_QSwitchButton.cpp
  moc_qtcontrol.cpp
  main.cpp
  OverlayWidget.cpp
  QSwitchButton.cpp
  qtcontrol.cpp
  正在產生程式碼...
  qrc_qtcontrol.cpp
  QtControl.vcxproj -> D:\Github\QtCustomPaint\QtControl\Win32\Debug\QtControl.exe
  QtControl.vcxproj -> D:\Github\QtCustomPaint\QtControl\Win32\Debug\QtControl.pdb (Full PDB)
