c:\users\t788\downloads\qt-master\qt-master\qtcontrolitem\qtcontrol\qtcontrol\debug\vc140.pdb
c:\users\t788\downloads\qt-master\qt-master\qtcontrolitem\qtcontrol\qtcontrol\debug\qtcontrol.obj
c:\users\t788\downloads\qt-master\qt-master\qtcontrolitem\qtcontrol\qtcontrol\debug\qswitchbutton.obj
c:\users\t788\downloads\qt-master\qt-master\qtcontrolitem\qtcontrol\qtcontrol\debug\popupwidget.obj
c:\users\t788\downloads\qt-master\qt-master\qtcontrolitem\qtcontrol\qtcontrol\debug\overlaywidget.obj
c:\users\t788\downloads\qt-master\qt-master\qtcontrolitem\qtcontrol\qtcontrol\debug\main.obj
c:\users\t788\downloads\qt-master\qt-master\qtcontrolitem\qtcontrol\qtcontrol\debug\moc_qtcontrol.obj
c:\users\t788\downloads\qt-master\qt-master\qtcontrolitem\qtcontrol\qtcontrol\debug\moc_qswitchbutton.obj
c:\users\t788\downloads\qt-master\qt-master\qtcontrolitem\qtcontrol\qtcontrol\debug\moc_popupwidget.obj
c:\users\t788\downloads\qt-master\qt-master\qtcontrolitem\qtcontrol\qtcontrol\debug\moc_fangraphwidget.obj
c:\users\t788\downloads\qt-master\qt-master\qtcontrolitem\qtcontrol\qtcontrol\debug\moc_customfanwidget.obj
c:\users\t788\downloads\qt-master\qt-master\qtcontrolitem\qtcontrol\qtcontrol\debug\fangraphwidget.obj
c:\users\t788\downloads\qt-master\qt-master\qtcontrolitem\qtcontrol\qtcontrol\debug\fanball.obj
c:\users\t788\downloads\qt-master\qt-master\qtcontrolitem\qtcontrol\qtcontrol\debug\customfanwidget.obj
c:\users\t788\downloads\qt-master\qt-master\qtcontrolitem\qtcontrol\qtcontrol\debug\qrc_qtcontrol.obj
c:\users\t788\downloads\qt-master\qt-master\qtcontrolitem\qtcontrol\qtcontrol\generatedfiles\ui_qtcontrol.h
c:\users\t788\downloads\qt-master\qt-master\qtcontrolitem\qtcontrol\qtcontrol\generatedfiles\debug\moc_popupwidget.cpp
c:\users\t788\downloads\qt-master\qt-master\qtcontrolitem\qtcontrol\qtcontrol\generatedfiles\debug\moc_qswitchbutton.cpp
c:\users\t788\downloads\qt-master\qt-master\qtcontrolitem\qtcontrol\qtcontrol\generatedfiles\debug\moc_fangraphwidget.cpp
c:\users\t788\downloads\qt-master\qt-master\qtcontrolitem\qtcontrol\qtcontrol\generatedfiles\debug\moc_customfanwidget.cpp
c:\users\t788\downloads\qt-master\qt-master\qtcontrolitem\qtcontrol\qtcontrol\generatedfiles\qrc_qtcontrol.cpp
c:\users\t788\downloads\qt-master\qt-master\qtcontrolitem\qtcontrol\qtcontrol\generatedfiles\debug\moc_qtcontrol.cpp
c:\users\t788\downloads\qt-master\qt-master\qtcontrolitem\qtcontrol\win32\debug\qtcontrol.ilk
c:\users\t788\downloads\qt-master\qt-master\qtcontrolitem\qtcontrol\win32\debug\qtcontrol.exe
c:\users\t788\downloads\qt-master\qt-master\qtcontrolitem\qtcontrol\win32\debug\qtcontrol.pdb
d:\github\qtcontrolitem\qtcontrol\qtcontrol\debug\customfanwidget.obj
d:\github\qtcontrolitem\qtcontrol\qtcontrol\debug\fanball.obj
d:\github\qtcontrolitem\qtcontrol\qtcontrol\debug\fangraphwidget.obj
d:\github\qtcontrolitem\qtcontrol\qtcontrol\debug\main.obj
d:\github\qtcontrolitem\qtcontrol\qtcontrol\debug\moc_customfanwidget.obj
d:\github\qtcontrolitem\qtcontrol\qtcontrol\debug\moc_fangraphwidget.obj
d:\github\qtcontrolitem\qtcontrol\qtcontrol\debug\moc_popupwidget.obj
d:\github\qtcontrolitem\qtcontrol\qtcontrol\debug\moc_qswitchbutton.obj
d:\github\qtcontrolitem\qtcontrol\qtcontrol\debug\moc_qtcontrol.obj
d:\github\qtcontrolitem\qtcontrol\qtcontrol\debug\overlaywidget.obj
d:\github\qtcontrolitem\qtcontrol\qtcontrol\debug\popupwidget.obj
d:\github\qtcontrolitem\qtcontrol\qtcontrol\debug\qrc_qtcontrol.obj
d:\github\qtcontrolitem\qtcontrol\qtcontrol\debug\qswitchbutton.obj
d:\github\qtcontrolitem\qtcontrol\qtcontrol\debug\qtcontrol.obj
d:\github\qtcontrolitem\qtcontrol\qtcontrol\debug\vc140.pdb
d:\github\qtcontrolitem\qtcontrol\win32\debug\qtcontrol.pdb
d:\github\qtcontrolitem\qtcontrol\win32\debug\qtcontrol.exe
d:\github\qtcontrolitem\qtcontrol\win32\debug\qtcontrol.ilk
d:\github\qtcontrolitem\qtcontrol\qtcontrol\debug\qtcontrol.tlog\cl.command.1.tlog
d:\github\qtcontrolitem\qtcontrol\qtcontrol\debug\qtcontrol.tlog\cl.read.1.tlog
d:\github\qtcontrolitem\qtcontrol\qtcontrol\debug\qtcontrol.tlog\cl.write.1.tlog
d:\github\qtcontrolitem\qtcontrol\qtcontrol\debug\qtcontrol.tlog\custombuild.command.1.tlog
d:\github\qtcontrolitem\qtcontrol\qtcontrol\debug\qtcontrol.tlog\custombuild.read.1.tlog
d:\github\qtcontrolitem\qtcontrol\qtcontrol\debug\qtcontrol.tlog\custombuild.write.1.tlog
d:\github\qtcontrolitem\qtcontrol\qtcontrol\debug\qtcontrol.tlog\link.command.1.tlog
d:\github\qtcontrolitem\qtcontrol\qtcontrol\debug\qtcontrol.tlog\link.read.1.tlog
d:\github\qtcontrolitem\qtcontrol\qtcontrol\debug\qtcontrol.tlog\link.write.1.tlog
