d:\project\chartserver2\chartserver2\debug\vc140.pdb
d:\project\chartserver2\chartserver2\debug\chatwidget.obj
d:\project\chartserver2\chartserver2\debug\server.obj
d:\project\chartserver2\chartserver2\debug\main.obj
d:\project\chartserver2\chartserver2\debug\moc_server.obj
d:\project\chartserver2\chartserver2\debug\moc_client.obj
d:\project\chartserver2\chartserver2\debug\moc_chatwidget.obj
d:\project\chartserver2\chartserver2\debug\moc_chartserver2.obj
d:\project\chartserver2\chartserver2\debug\client.obj
d:\project\chartserver2\chartserver2\debug\chartserver2.obj
d:\project\chartserver2\chartserver2\debug\qrc_chartserver2.obj
d:\project\chartserver2\chartserver2\generatedfiles\ui_chartserver2.h
d:\project\chartserver2\chartserver2\generatedfiles\debug\moc_chatwidget.cpp
d:\project\chartserver2\chartserver2\generatedfiles\debug\moc_server.cpp
d:\project\chartserver2\chartserver2\generatedfiles\debug\moc_client.cpp
d:\project\chartserver2\chartserver2\generatedfiles\qrc_chartserver2.cpp
d:\project\chartserver2\chartserver2\generatedfiles\ui_widget.h
d:\project\chartserver2\chartserver2\generatedfiles\debug\moc_chartserver2.cpp
d:\project\chartserver2\win32\debug\chartserver2.ilk
d:\project\chartserver2\win32\debug\chartserver2.exe
d:\project\chartserver2\win32\debug\chartserver2.pdb
d:\vsproject\socketserver\chartserver2\chartserver2\debug\chartserver2.obj
d:\vsproject\socketserver\chartserver2\chartserver2\debug\chatwidget.obj
d:\vsproject\socketserver\chartserver2\chartserver2\debug\client.obj
d:\vsproject\socketserver\chartserver2\chartserver2\debug\main.obj
d:\vsproject\socketserver\chartserver2\chartserver2\debug\moc_chartserver2.obj
d:\vsproject\socketserver\chartserver2\chartserver2\debug\moc_chatwidget.obj
d:\vsproject\socketserver\chartserver2\chartserver2\debug\moc_client.obj
d:\vsproject\socketserver\chartserver2\chartserver2\debug\moc_server.obj
d:\vsproject\socketserver\chartserver2\chartserver2\debug\qrc_chartserver2.obj
d:\vsproject\socketserver\chartserver2\chartserver2\debug\server.obj
d:\vsproject\socketserver\chartserver2\chartserver2\debug\vc140.pdb
d:\vsproject\socketserver\chartserver2\win32\debug\chartserver2.pdb
d:\vsproject\socketserver\chartserver2\win32\debug\chartserver2.exe
d:\vsproject\socketserver\chartserver2\win32\debug\chartserver2.ilk
d:\vsproject\socketserver\chartserver2\chartserver2\debug\chartserver2.tlog\cl.command.1.tlog
d:\vsproject\socketserver\chartserver2\chartserver2\debug\chartserver2.tlog\cl.read.1.tlog
d:\vsproject\socketserver\chartserver2\chartserver2\debug\chartserver2.tlog\cl.write.1.tlog
d:\vsproject\socketserver\chartserver2\chartserver2\debug\chartserver2.tlog\custombuild.command.1.tlog
d:\vsproject\socketserver\chartserver2\chartserver2\debug\chartserver2.tlog\custombuild.read.1.tlog
d:\vsproject\socketserver\chartserver2\chartserver2\debug\chartserver2.tlog\custombuild.write.1.tlog
d:\vsproject\socketserver\chartserver2\chartserver2\debug\chartserver2.tlog\link.command.1.tlog
d:\vsproject\socketserver\chartserver2\chartserver2\debug\chartserver2.tlog\link.read.1.tlog
d:\vsproject\socketserver\chartserver2\chartserver2\debug\chartserver2.tlog\link.write.1.tlog
