d:\project\socketserver\chatroomserver\chatroomserver\release\tcpuser.obj
d:\project\socketserver\chatroomserver\chatroomserver\release\tcpserver.obj
d:\project\socketserver\chatroomserver\chatroomserver\release\tcpgroup.obj
d:\project\socketserver\chatroomserver\chatroomserver\release\tcpclientsocket.obj
d:\project\socketserver\chatroomserver\chatroomserver\release\main.obj
d:\project\socketserver\chatroomserver\chatroomserver\release\moc_tcpserver.obj
d:\project\socketserver\chatroomserver\chatroomserver\release\moc_tcpclientsocket.obj
d:\project\socketserver\chatroomserver\chatroomserver\release\moc_chatroomserver.obj
d:\project\socketserver\chatroomserver\chatroomserver\release\clientuser.obj
d:\project\socketserver\chatroomserver\chatroomserver\release\chatroomserver.obj
d:\project\socketserver\chatroomserver\chatroomserver\release\qrc_chatroomserver.obj
d:\project\socketserver\chatroomserver\chatroomserver\generatedfiles\release\moc_chatroomserver.cpp
d:\project\socketserver\chatroomserver\chatroomserver\generatedfiles\ui_chatroomserver.h
d:\project\socketserver\chatroomserver\chatroomserver\generatedfiles\release\moc_tcpclientsocket.cpp
d:\project\socketserver\chatroomserver\chatroomserver\generatedfiles\release\moc_tcpserver.cpp
d:\project\socketserver\chatroomserver\chatroomserver\generatedfiles\qrc_chatroomserver.cpp
d:\project\socketserver\chatroomserver\win32\release\chatroomserver.exe
d:\github\chatroomserver\chatroomserver\release\chatroomserver.obj
d:\github\chatroomserver\chatroomserver\release\clientuser.obj
d:\github\chatroomserver\chatroomserver\release\main.obj
d:\github\chatroomserver\chatroomserver\release\moc_chatroomserver.obj
d:\github\chatroomserver\chatroomserver\release\moc_tcpclientsocket.obj
d:\github\chatroomserver\chatroomserver\release\moc_tcpserver.obj
d:\github\chatroomserver\chatroomserver\release\qrc_chatroomserver.obj
d:\github\chatroomserver\chatroomserver\release\tcpclientsocket.obj
d:\github\chatroomserver\chatroomserver\release\tcpgroup.obj
d:\github\chatroomserver\chatroomserver\release\tcpserver.obj
d:\github\chatroomserver\chatroomserver\release\tcpuser.obj
d:\github\chatroomserver\win32\release\chatroomserver.exe
d:\github\chatroomserver\chatroomserver\release\chatroomserver.tlog\cl.command.1.tlog
d:\github\chatroomserver\chatroomserver\release\chatroomserver.tlog\cl.read.1.tlog
d:\github\chatroomserver\chatroomserver\release\chatroomserver.tlog\cl.write.1.tlog
d:\github\chatroomserver\chatroomserver\release\chatroomserver.tlog\custombuild.command.1.tlog
d:\github\chatroomserver\chatroomserver\release\chatroomserver.tlog\custombuild.read.1.tlog
d:\github\chatroomserver\chatroomserver\release\chatroomserver.tlog\custombuild.write.1.tlog
d:\github\chatroomserver\chatroomserver\release\chatroomserver.tlog\link.command.1.tlog
d:\github\chatroomserver\chatroomserver\release\chatroomserver.tlog\link.read.1.tlog
d:\github\chatroomserver\chatroomserver\release\chatroomserver.tlog\link.write.1.tlog
