d:\github\qtcustompaint\custompaint\custompaint\x64\debug\vc140.pdb
d:\github\qtcustompaint\custompaint\custompaint\x64\debug\pindashboardwidget.obj
d:\github\qtcustompaint\custompaint\custompaint\x64\debug\main.obj
d:\github\qtcustompaint\custompaint\custompaint\x64\debug\moc_pindashboardwidget.obj
d:\github\qtcustompaint\custompaint\custompaint\x64\debug\moc_dashboardwidget.obj
d:\github\qtcustompaint\custompaint\custompaint\x64\debug\moc_custompaint.obj
d:\github\qtcustompaint\custompaint\custompaint\x64\debug\moc_baseinfowidget_pin.obj
d:\github\qtcustompaint\custompaint\custompaint\x64\debug\moc_baseinfowidget_dash.obj
d:\github\qtcustompaint\custompaint\custompaint\x64\debug\moc_baseinfowidget_clock.obj
d:\github\qtcustompaint\custompaint\custompaint\x64\debug\dashboardwidget.obj
d:\github\qtcustompaint\custompaint\custompaint\x64\debug\custompaint.obj
d:\github\qtcustompaint\custompaint\custompaint\x64\debug\baseinfowidget_pin.obj
d:\github\qtcustompaint\custompaint\custompaint\x64\debug\baseinfowidget_dash.obj
d:\github\qtcustompaint\custompaint\custompaint\x64\debug\baseinfowidget_clock.obj
d:\github\qtcustompaint\custompaint\custompaint\x64\debug\basewidgetv2.obj
d:\github\qtcustompaint\custompaint\custompaint\x64\debug\moc_basewidgetv2.obj
d:\github\qtcustompaint\custompaint\custompaint\x64\debug\pinwidget.obj
d:\github\qtcustompaint\custompaint\custompaint\x64\debug\moc_pinwidget.obj
d:\vsproject\qtcustompaint\custompaint\custompaint\x64\debug\vc140.pdb
d:\vsproject\qtcustompaint\custompaint\custompaint\x64\debug\pinwidget.obj
d:\vsproject\qtcustompaint\custompaint\custompaint\x64\debug\pindashboardwidget.obj
d:\vsproject\qtcustompaint\custompaint\custompaint\x64\debug\main.obj
d:\vsproject\qtcustompaint\custompaint\custompaint\x64\debug\moc_pinwidget.obj
d:\vsproject\qtcustompaint\custompaint\custompaint\x64\debug\moc_pindashboardwidget.obj
d:\vsproject\qtcustompaint\custompaint\custompaint\x64\debug\moc_dashboardwidget.obj
d:\vsproject\qtcustompaint\custompaint\custompaint\x64\debug\moc_custompaint.obj
d:\vsproject\qtcustompaint\custompaint\custompaint\x64\debug\moc_basewidgetv2.obj
d:\vsproject\qtcustompaint\custompaint\custompaint\x64\debug\moc_baseinfowidget_pin.obj
d:\vsproject\qtcustompaint\custompaint\custompaint\x64\debug\moc_baseinfowidget_dash.obj
d:\vsproject\qtcustompaint\custompaint\custompaint\x64\debug\moc_baseinfowidget_clock.obj
d:\vsproject\qtcustompaint\custompaint\custompaint\x64\debug\dashboardwidget.obj
d:\vsproject\qtcustompaint\custompaint\custompaint\x64\debug\custompaint.obj
d:\vsproject\qtcustompaint\custompaint\custompaint\x64\debug\basewidgetv2.obj
d:\vsproject\qtcustompaint\custompaint\custompaint\x64\debug\baseinfowidget_pin.obj
d:\vsproject\qtcustompaint\custompaint\custompaint\x64\debug\baseinfowidget_dash.obj
d:\vsproject\qtcustompaint\custompaint\custompaint\x64\debug\baseinfowidget_clock.obj
d:\vsproject\qtcustompaint\custompaint\custompaint\x64\debug\qrc_custompaint.obj
d:\vsproject\qtcustompaint\custompaint\custompaint\x64\debug\baseinfowidget_pinv2.obj
d:\vsproject\qtcustompaint\custompaint\custompaint\x64\debug\moc_baseinfowidget_pinv2.obj
d:\vsproject\qtcustompaint\custompaint\custompaint\x64\debug\baseinfowidget_dashv2.obj
d:\vsproject\qtcustompaint\custompaint\custompaint\x64\debug\moc_baseinfowidget_dashv2.obj
d:\github\qtcustompaint\custompaint\custompaint\x64\debug\baseinfowidget_pinv2.obj
d:\github\qtcustompaint\custompaint\custompaint\x64\debug\moc_baseinfowidget_pinv2.obj
d:\github\qtcustompaint\custompaint\custompaint\x64\debug\moc_baseinfowidget_dashv2.obj
d:\github\qtcustompaint\custompaint\custompaint\x64\debug\baseinfowidget_dashv2.obj
d:\github\qtcustompaint\custompaint\custompaint\x64\debug\qrc_custompaint.obj
d:\github\qtcustompaint\custompaint\custompaint\x64\debug\taichi.obj
d:\github\qtcustompaint\custompaint\custompaint\x64\debug\rgbpalettewidget.obj
d:\github\qtcustompaint\custompaint\custompaint\x64\debug\moc_taichi.obj
d:\github\qtcustompaint\custompaint\custompaint\x64\debug\moc_rgbpalettewidget.obj
d:\github\qtcustompaint\custompaint\custompaint\generatedfiles\ui_custompaint.h
d:\github\qtcustompaint\custompaint\custompaint\generatedfiles\debug\moc_pindashboardwidget.cpp
d:\github\qtcustompaint\custompaint\custompaint\generatedfiles\debug\moc_baseinfowidget_pin.cpp
d:\github\qtcustompaint\custompaint\custompaint\generatedfiles\debug\moc_baseinfowidget_dash.cpp
d:\github\qtcustompaint\custompaint\custompaint\generatedfiles\debug\moc_dashboardwidget.cpp
d:\github\qtcustompaint\custompaint\custompaint\generatedfiles\debug\moc_baseinfowidget_clock.cpp
d:\github\qtcustompaint\custompaint\custompaint\generatedfiles\qrc_custompaint.cpp
d:\github\qtcustompaint\custompaint\custompaint\generatedfiles\debug\moc_basewidgetv2.cpp
d:\vsproject\qtcustompaint\custompaint\custompaint\generatedfiles\ui_custompaint.h
d:\vsproject\qtcustompaint\custompaint\custompaint\generatedfiles\debug\moc_pindashboardwidget.cpp
d:\vsproject\qtcustompaint\custompaint\custompaint\generatedfiles\debug\moc_baseinfowidget_pin.cpp
d:\vsproject\qtcustompaint\custompaint\custompaint\generatedfiles\debug\moc_baseinfowidget_dash.cpp
d:\vsproject\qtcustompaint\custompaint\custompaint\generatedfiles\debug\moc_dashboardwidget.cpp
d:\vsproject\qtcustompaint\custompaint\custompaint\generatedfiles\debug\moc_baseinfowidget_clock.cpp
d:\vsproject\qtcustompaint\custompaint\custompaint\generatedfiles\qrc_custompaint.cpp
d:\vsproject\qtcustompaint\custompaint\custompaint\generatedfiles\debug\moc_baseinfowidget_pinv2.cpp
d:\vsproject\qtcustompaint\custompaint\custompaint\generatedfiles\debug\moc_custompaint.cpp
d:\vsproject\qtcustompaint\custompaint\custompaint\generatedfiles\debug\moc_baseinfowidget_dashv2.cpp
d:\vsproject\qtcustompaint\custompaint\custompaint\generatedfiles\debug\moc_basewidgetv2.cpp
d:\github\qtcustompaint\custompaint\custompaint\generatedfiles\debug\moc_baseinfowidget_pinv2.cpp
d:\github\qtcustompaint\custompaint\custompaint\generatedfiles\debug\moc_baseinfowidget_dashv2.cpp
d:\github\qtcustompaint\custompaint\custompaint\generatedfiles\debug\moc_custompaint.cpp
d:\github\qtcustompaint\custompaint\custompaint\generatedfiles\debug\moc_taichi.cpp
d:\github\qtcustompaint\custompaint\custompaint\generatedfiles\debug\moc_rgbpalettewidget.cpp
d:\vsproject\qtcustompaint\custompaint\x64\debug\custompaint.ilk
d:\vsproject\qtcustompaint\custompaint\x64\debug\custompaint.exe
d:\vsproject\qtcustompaint\custompaint\x64\debug\custompaint.pdb
d:\github\qtcustompaint\custompaint\x64\debug\custompaint.ilk
d:\github\qtcustompaint\custompaint\x64\debug\custompaint.exe
d:\github\qtcustompaint\custompaint\x64\debug\custompaint.pdb
d:\github\qtcustompaint\custompaint\custompaint\x64\debug\custompaint.tlog\cl.command.1.tlog
d:\github\qtcustompaint\custompaint\custompaint\x64\debug\custompaint.tlog\cl.read.1.tlog
d:\github\qtcustompaint\custompaint\custompaint\x64\debug\custompaint.tlog\cl.write.1.tlog
d:\github\qtcustompaint\custompaint\custompaint\x64\debug\custompaint.tlog\custombuild.command.1.tlog
d:\github\qtcustompaint\custompaint\custompaint\x64\debug\custompaint.tlog\custombuild.read.1.tlog
d:\github\qtcustompaint\custompaint\custompaint\x64\debug\custompaint.tlog\custombuild.write.1.tlog
d:\github\qtcustompaint\custompaint\custompaint\x64\debug\custompaint.tlog\link.command.1.tlog
d:\github\qtcustompaint\custompaint\custompaint\x64\debug\custompaint.tlog\link.read.1.tlog
d:\github\qtcustompaint\custompaint\custompaint\x64\debug\custompaint.tlog\link.write.1.tlog
