d:\project\socketserver\chatroomserver\chatroomserver\debug\vc140.pdb
d:\project\socketserver\chatroomserver\chatroomserver\debug\tcpuser.obj
d:\project\socketserver\chatroomserver\chatroomserver\debug\tcpserver.obj
d:\project\socketserver\chatroomserver\chatroomserver\debug\tcpgroup.obj
d:\project\socketserver\chatroomserver\chatroomserver\debug\tcpclientsocket.obj
d:\project\socketserver\chatroomserver\chatroomserver\debug\main.obj
d:\project\socketserver\chatroomserver\chatroomserver\debug\moc_tcpserver.obj
d:\project\socketserver\chatroomserver\chatroomserver\debug\moc_tcpclientsocket.obj
d:\project\socketserver\chatroomserver\chatroomserver\debug\moc_chatroomserver.obj
d:\project\socketserver\chatroomserver\chatroomserver\debug\clientuser.obj
d:\project\socketserver\chatroomserver\chatroomserver\debug\chatroomserver.obj
d:\project\socketserver\chatroomserver\chatroomserver\debug\qrc_chatroomserver.obj
d:\project\socketserver\chatroomserver\chatroomserver\generatedfiles\ui_chatroomserver.h
d:\project\socketserver\chatroomserver\chatroomserver\generatedfiles\qrc_chatroomserver.cpp
d:\project\socketserver\chatroomserver\chatroomserver\generatedfiles\debug\moc_tcpclientsocket.cpp
d:\project\socketserver\chatroomserver\chatroomserver\generatedfiles\debug\moc_tcpserver.cpp
d:\project\socketserver\chatroomserver\chatroomserver\generatedfiles\debug\moc_chatroomserver.cpp
d:\project\socketserver\chatroomserver\win32\debug\chatroomserver.ilk
d:\project\socketserver\chatroomserver\win32\debug\chatroomserver.exe
d:\project\socketserver\chatroomserver\win32\debug\chatroomserver.pdb
d:\project\socketserver\chatroomserver\chatroomserver\debug\chatroomserver.tlog\cl.command.1.tlog
d:\project\socketserver\chatroomserver\chatroomserver\debug\chatroomserver.tlog\cl.read.1.tlog
d:\project\socketserver\chatroomserver\chatroomserver\debug\chatroomserver.tlog\cl.write.1.tlog
d:\project\socketserver\chatroomserver\chatroomserver\debug\chatroomserver.tlog\custombuild.command.1.tlog
d:\project\socketserver\chatroomserver\chatroomserver\debug\chatroomserver.tlog\custombuild.read.1.tlog
d:\project\socketserver\chatroomserver\chatroomserver\debug\chatroomserver.tlog\custombuild.write.1.tlog
d:\project\socketserver\chatroomserver\chatroomserver\debug\chatroomserver.tlog\link.command.1.tlog
d:\project\socketserver\chatroomserver\chatroomserver\debug\chatroomserver.tlog\link.read.1.tlog
d:\project\socketserver\chatroomserver\chatroomserver\debug\chatroomserver.tlog\link.write.1.tlog
