d:\github\chatroomclient\chatroomclient\debug\vc140.pdb
d:\github\chatroomclient\chatroomclient\debug\main.obj
d:\github\chatroomclient\chatroomclient\debug\moc_fileserver.obj
d:\github\chatroomclient\chatroomclient\debug\moc_fileclient.obj
d:\github\chatroomclient\chatroomclient\debug\moc_client.obj
d:\github\chatroomclient\chatroomclient\debug\moc_chatroomclient.obj
d:\github\chatroomclient\chatroomclient\debug\fileserver.obj
d:\github\chatroomclient\chatroomclient\debug\fileclient.obj
d:\github\chatroomclient\chatroomclient\debug\client.obj
d:\github\chatroomclient\chatroomclient\debug\chatroomclient.obj
d:\github\chatroomclient\chatroomclient\debug\qrc_chatroomclient.obj
d:\github\chatroomclient\chatroomclient\generatedfiles\debug\moc_chatroomclient.cpp
d:\github\chatroomclient\chatroomclient\generatedfiles\ui_chatroomclient.h
d:\github\chatroomclient\chatroomclient\generatedfiles\debug\moc_client.cpp
d:\github\chatroomclient\chatroomclient\generatedfiles\debug\moc_fileclient.cpp
d:\github\chatroomclient\chatroomclient\generatedfiles\debug\moc_fileserver.cpp
d:\github\chatroomclient\chatroomclient\generatedfiles\qrc_chatroomclient.cpp
d:\github\chatroomclient\win32\debug\chatroomclient.ilk
d:\github\chatroomclient\win32\debug\chatroomclient.exe
d:\github\chatroomclient\win32\debug\chatroomclient.pdb
d:\github\chatroomclient\chatroomclient\debug\chatroomclient.tlog\cl.command.1.tlog
d:\github\chatroomclient\chatroomclient\debug\chatroomclient.tlog\cl.read.1.tlog
d:\github\chatroomclient\chatroomclient\debug\chatroomclient.tlog\cl.write.1.tlog
d:\github\chatroomclient\chatroomclient\debug\chatroomclient.tlog\custombuild.command.1.tlog
d:\github\chatroomclient\chatroomclient\debug\chatroomclient.tlog\custombuild.read.1.tlog
d:\github\chatroomclient\chatroomclient\debug\chatroomclient.tlog\custombuild.write.1.tlog
d:\github\chatroomclient\chatroomclient\debug\chatroomclient.tlog\link.command.1.tlog
d:\github\chatroomclient\chatroomclient\debug\chatroomclient.tlog\link.read.1.tlog
d:\github\chatroomclient\chatroomclient\debug\chatroomclient.tlog\link.write.1.tlog
