d:\project\socketserver\chatroomclient\chatroomclient\release\main.obj
d:\project\socketserver\chatroomclient\chatroomclient\release\moc_fileserver.obj
d:\project\socketserver\chatroomclient\chatroomclient\release\moc_fileclient.obj
d:\project\socketserver\chatroomclient\chatroomclient\release\moc_client.obj
d:\project\socketserver\chatroomclient\chatroomclient\release\moc_chatroomclient.obj
d:\project\socketserver\chatroomclient\chatroomclient\release\fileserver.obj
d:\project\socketserver\chatroomclient\chatroomclient\release\fileclient.obj
d:\project\socketserver\chatroomclient\chatroomclient\release\client.obj
d:\project\socketserver\chatroomclient\chatroomclient\release\chatroomclient.obj
d:\project\socketserver\chatroomclient\chatroomclient\release\qrc_chatroomclient.obj
d:\project\socketserver\chatroomclient\chatroomclient\generatedfiles\release\moc_chatroomclient.cpp
d:\project\socketserver\chatroomclient\chatroomclient\generatedfiles\ui_chatroomclient.h
d:\project\socketserver\chatroomclient\chatroomclient\generatedfiles\release\moc_client.cpp
d:\project\socketserver\chatroomclient\chatroomclient\generatedfiles\release\moc_fileclient.cpp
d:\project\socketserver\chatroomclient\chatroomclient\generatedfiles\qrc_chatroomclient.cpp
d:\project\socketserver\chatroomclient\chatroomclient\generatedfiles\release\moc_fileserver.cpp
d:\project\socketserver\chatroomclient\win32\release\chatroomclient.exe
d:\github\chatroomclient\chatroomclient\release\chatroomclient.obj
d:\github\chatroomclient\chatroomclient\release\client.obj
d:\github\chatroomclient\chatroomclient\release\fileclient.obj
d:\github\chatroomclient\chatroomclient\release\fileserver.obj
d:\github\chatroomclient\chatroomclient\release\main.obj
d:\github\chatroomclient\chatroomclient\release\moc_chatroomclient.obj
d:\github\chatroomclient\chatroomclient\release\moc_client.obj
d:\github\chatroomclient\chatroomclient\release\moc_fileclient.obj
d:\github\chatroomclient\chatroomclient\release\moc_fileserver.obj
d:\github\chatroomclient\chatroomclient\release\qrc_chatroomclient.obj
d:\github\chatroomclient\win32\release\chatroomclient.exe
d:\github\chatroomclient\chatroomclient\release\chatroomclient.tlog\cl.command.1.tlog
d:\github\chatroomclient\chatroomclient\release\chatroomclient.tlog\cl.read.1.tlog
d:\github\chatroomclient\chatroomclient\release\chatroomclient.tlog\cl.write.1.tlog
d:\github\chatroomclient\chatroomclient\release\chatroomclient.tlog\custombuild.command.1.tlog
d:\github\chatroomclient\chatroomclient\release\chatroomclient.tlog\custombuild.read.1.tlog
d:\github\chatroomclient\chatroomclient\release\chatroomclient.tlog\custombuild.write.1.tlog
d:\github\chatroomclient\chatroomclient\release\chatroomclient.tlog\link.command.1.tlog
d:\github\chatroomclient\chatroomclient\release\chatroomclient.tlog\link.read.1.tlog
d:\github\chatroomclient\chatroomclient\release\chatroomclient.tlog\link.write.1.tlog
