d:\project\qtcontrol\qtcontrol\debug\vc140.pdb
d:\project\qtcontrol\qtcontrol\debug\qtcontrol.obj
d:\project\qtcontrol\qtcontrol\debug\qswitchbutton.obj
d:\project\qtcontrol\qtcontrol\debug\overlaywidget.obj
d:\project\qtcontrol\qtcontrol\debug\main.obj
d:\project\qtcontrol\qtcontrol\debug\moc_qtcontrol.obj
d:\project\qtcontrol\qtcontrol\debug\moc_qswitchbutton.obj
d:\project\qtcontrol\qtcontrol\debug\moc_fangraphwidget.obj
d:\project\qtcontrol\qtcontrol\debug\moc_customfanwidget.obj
d:\project\qtcontrol\qtcontrol\debug\fangraphwidget.obj
d:\project\qtcontrol\qtcontrol\debug\fanball.obj
d:\project\qtcontrol\qtcontrol\debug\customfanwidget.obj
d:\project\qtcontrol\qtcontrol\debug\qrc_qtcontrol.obj
d:\project\qtcontrol\qtcontrol\generatedfiles\ui_qtcontrol.h
d:\project\qtcontrol\qtcontrol\generatedfiles\debug\moc_qswitchbutton.cpp
d:\project\qtcontrol\qtcontrol\generatedfiles\debug\moc_fangraphwidget.cpp
d:\project\qtcontrol\qtcontrol\generatedfiles\debug\moc_customfanwidget.cpp
d:\project\qtcontrol\qtcontrol\generatedfiles\qrc_qtcontrol.cpp
d:\project\qtcontrol\qtcontrol\generatedfiles\debug\moc_qtcontrol.cpp
d:\project\qtcontrol\win32\debug\qtcontrol.ilk
d:\project\qtcontrol\win32\debug\qtcontrol.exe
d:\project\qtcontrol\win32\debug\qtcontrol.pdb
d:\github\qtcustompaint\qtcontrol\qtcontrol\debug\customfanwidget.obj
d:\github\qtcustompaint\qtcontrol\qtcontrol\debug\fanball.obj
d:\github\qtcustompaint\qtcontrol\qtcontrol\debug\fangraphwidget.obj
d:\github\qtcustompaint\qtcontrol\qtcontrol\debug\main.obj
d:\github\qtcustompaint\qtcontrol\qtcontrol\debug\moc_customfanwidget.obj
d:\github\qtcustompaint\qtcontrol\qtcontrol\debug\moc_fangraphwidget.obj
d:\github\qtcustompaint\qtcontrol\qtcontrol\debug\moc_qswitchbutton.obj
d:\github\qtcustompaint\qtcontrol\qtcontrol\debug\moc_qtcontrol.obj
d:\github\qtcustompaint\qtcontrol\qtcontrol\debug\overlaywidget.obj
d:\github\qtcustompaint\qtcontrol\qtcontrol\debug\qrc_qtcontrol.obj
d:\github\qtcustompaint\qtcontrol\qtcontrol\debug\qswitchbutton.obj
d:\github\qtcustompaint\qtcontrol\qtcontrol\debug\qtcontrol.obj
d:\github\qtcustompaint\qtcontrol\qtcontrol\debug\vc140.pdb
d:\github\qtcustompaint\qtcontrol\win32\debug\qtcontrol.pdb
d:\github\qtcustompaint\qtcontrol\win32\debug\qtcontrol.exe
d:\github\qtcustompaint\qtcontrol\win32\debug\qtcontrol.ilk
d:\github\qtcustompaint\qtcontrol\qtcontrol\debug\qtcontrol.tlog\cl.command.1.tlog
d:\github\qtcustompaint\qtcontrol\qtcontrol\debug\qtcontrol.tlog\cl.read.1.tlog
d:\github\qtcustompaint\qtcontrol\qtcontrol\debug\qtcontrol.tlog\cl.write.1.tlog
d:\github\qtcustompaint\qtcontrol\qtcontrol\debug\qtcontrol.tlog\custombuild.command.1.tlog
d:\github\qtcustompaint\qtcontrol\qtcontrol\debug\qtcontrol.tlog\custombuild.read.1.tlog
d:\github\qtcustompaint\qtcontrol\qtcontrol\debug\qtcontrol.tlog\custombuild.write.1.tlog
d:\github\qtcustompaint\qtcontrol\qtcontrol\debug\qtcontrol.tlog\link.command.1.tlog
d:\github\qtcustompaint\qtcontrol\qtcontrol\debug\qtcontrol.tlog\link.read.1.tlog
d:\github\qtcustompaint\qtcontrol\qtcontrol\debug\qtcontrol.tlog\link.write.1.tlog
