  Moc'ing custompaint.h...
  Uic'ing custompaint.ui...
  Moc'ing pinDashBoardWidget.h...
  Moc'ing baseInfoWidget_Pin.h...
  Moc'ing baseInfoWidget_Dash.h...
  Moc'ing dashBoardWidget.h...
  Rcc'ing custompaint.qrc...
RCC : warning : No resources in 'D:\Github\QtCustomPaint\CustomPaint\CustomPaint\custompaint.qrc'.
  
  baseInfoWidget_Dash.cpp
  baseInfoWidget_Pin.cpp
  custompaint.cpp
  dashBoardWidget.cpp
  moc_baseInfoWidget_Dash.cpp
  moc_baseInfoWidget_Pin.cpp
  moc_custompaint.cpp
  moc_dashBoardWidget.cpp
  moc_pinDashBoardWidget.cpp
  main.cpp
  pinDashBoardWidget.cpp
  正在產生程式碼...
  qrc_custompaint.cpp
  CustomPaint.vcxproj -> D:\Github\QtCustomPaint\CustomPaint\x64\Release\CustomPaint.exe
